0 info it worked if it ends with ok
1 verbose cli [ 'C:\\Program Files\\nodejs\\node.exe',
1 verbose cli   'C:\\Program Files\\nodejs\\node_modules\\npm\\bin\\npm-cli.js',
1 verbose cli   'install',
1 verbose cli   'mongoose',
1 verbose cli   '--save' ]
2 info using npm@3.10.8
3 info using node@v6.9.1
4 silly loadCurrentTree Starting
5 silly install loadCurrentTree
6 silly install readLocalPackageData
7 silly fetchPackageMetaData mongoose
8 silly fetchNamedPackageData mongoose
9 silly mapToRegistry name mongoose
10 silly mapToRegistry using default registry
11 silly mapToRegistry registry https://registry.npmjs.org/
12 silly mapToRegistry data Result {
12 silly mapToRegistry   raw: 'mongoose',
12 silly mapToRegistry   scope: null,
12 silly mapToRegistry   escapedName: 'mongoose',
12 silly mapToRegistry   name: 'mongoose',
12 silly mapToRegistry   rawSpec: '',
12 silly mapToRegistry   spec: 'latest',
12 silly mapToRegistry   type: 'tag' }
13 silly mapToRegistry uri https://registry.npmjs.org/mongoose
14 verbose request uri https://registry.npmjs.org/mongoose
15 verbose request no auth needed
16 info attempt registry request try #1 at 11:48:11
17 verbose request id 31ccc243670e97a2
18 verbose etag W/"5840e31a-81ec6"
19 verbose lastModified Fri, 02 Dec 2016 02:57:30 GMT
20 http request GET https://registry.npmjs.org/mongoose
21 http 200 https://registry.npmjs.org/mongoose
22 verbose headers { server: 'nginx/1.10.1',
22 verbose headers   'content-type': 'application/json',
22 verbose headers   'last-modified': 'Fri, 23 Dec 2016 12:38:22 GMT',
22 verbose headers   etag: 'W/"585d1abe-83c62"',
22 verbose headers   'content-encoding': 'gzip',
22 verbose headers   'cache-control': 'max-age=300',
22 verbose headers   'content-length': '41326',
22 verbose headers   'accept-ranges': 'bytes',
22 verbose headers   date: 'Mon, 26 Dec 2016 03:48:11 GMT',
22 verbose headers   via: '1.1 varnish',
22 verbose headers   age: '13',
22 verbose headers   connection: 'keep-alive',
22 verbose headers   'x-served-by': 'cache-itm7421-ITM',
22 verbose headers   'x-cache': 'HIT',
22 verbose headers   'x-cache-hits': '1',
22 verbose headers   'x-timer': 'S1482724091.427019,VS0,VE0',
22 verbose headers   vary: 'Accept-Encoding' }
23 silly get cb [ 200,
23 silly get   { server: 'nginx/1.10.1',
23 silly get     'content-type': 'application/json',
23 silly get     'last-modified': 'Fri, 23 Dec 2016 12:38:22 GMT',
23 silly get     etag: 'W/"585d1abe-83c62"',
23 silly get     'content-encoding': 'gzip',
23 silly get     'cache-control': 'max-age=300',
23 silly get     'content-length': '41326',
23 silly get     'accept-ranges': 'bytes',
23 silly get     date: 'Mon, 26 Dec 2016 03:48:11 GMT',
23 silly get     via: '1.1 varnish',
23 silly get     age: '13',
23 silly get     connection: 'keep-alive',
23 silly get     'x-served-by': 'cache-itm7421-ITM',
23 silly get     'x-cache': 'HIT',
23 silly get     'x-cache-hits': '1',
23 silly get     'x-timer': 'S1482724091.427019,VS0,VE0',
23 silly get     vary: 'Accept-Encoding' } ]
24 verbose get saving mongoose to C:\Users\Vincent\AppData\Roaming\npm-cache\registry.npmjs.org\mongoose\.cache.json
25 verbose correctMkdir C:\Users\Vincent\AppData\Roaming\npm-cache correctMkdir not in flight; initializing
26 silly install normalizeTree
27 silly loadCurrentTree Finishing
28 silly loadIdealTree Starting
29 silly install loadIdealTree
30 silly cloneCurrentTree Starting
31 silly install cloneCurrentTreeToIdealTree
32 silly cloneCurrentTree Finishing
33 silly loadShrinkwrap Starting
34 silly install loadShrinkwrap
35 silly loadShrinkwrap Finishing
36 silly loadAllDepsIntoIdealTree Starting
37 silly install loadAllDepsIntoIdealTree
38 silly resolveWithNewModule mongoose@4.7.4 checking installable status
39 silly cache add args [ 'mongoose', null ]
40 verbose cache add spec mongoose
41 silly cache add parsed spec Result {
41 silly cache add   raw: 'mongoose',
41 silly cache add   scope: null,
41 silly cache add   escapedName: 'mongoose',
41 silly cache add   name: 'mongoose',
41 silly cache add   rawSpec: '',
41 silly cache add   spec: 'latest',
41 silly cache add   type: 'tag' }
42 silly addNamed mongoose@latest
43 verbose addNamed "latest" is being treated as a dist-tag for mongoose
44 info addNameTag [ 'mongoose', 'latest' ]
45 silly mapToRegistry name mongoose
46 silly mapToRegistry using default registry
47 silly mapToRegistry registry https://registry.npmjs.org/
48 silly mapToRegistry data Result {
48 silly mapToRegistry   raw: 'mongoose',
48 silly mapToRegistry   scope: null,
48 silly mapToRegistry   escapedName: 'mongoose',
48 silly mapToRegistry   name: 'mongoose',
48 silly mapToRegistry   rawSpec: '',
48 silly mapToRegistry   spec: 'latest',
48 silly mapToRegistry   type: 'tag' }
49 silly mapToRegistry uri https://registry.npmjs.org/mongoose
50 verbose addNameTag registry:https://registry.npmjs.org/mongoose not in flight; fetching
51 verbose get https://registry.npmjs.org/mongoose not expired, no request
52 silly addNameTag next cb for mongoose with tag latest
53 silly addNamed mongoose@4.7.4
54 verbose addNamed "4.7.4" is a plain semver version for mongoose
55 silly mapToRegistry name mongoose
56 silly mapToRegistry using default registry
57 silly mapToRegistry registry https://registry.npmjs.org/
58 silly mapToRegistry data Result {
58 silly mapToRegistry   raw: 'mongoose',
58 silly mapToRegistry   scope: null,
58 silly mapToRegistry   escapedName: 'mongoose',
58 silly mapToRegistry   name: 'mongoose',
58 silly mapToRegistry   rawSpec: '',
58 silly mapToRegistry   spec: 'latest',
58 silly mapToRegistry   type: 'tag' }
59 silly mapToRegistry uri https://registry.npmjs.org/mongoose
60 verbose addRemoteTarball https://registry.npmjs.org/mongoose/-/mongoose-4.7.4.tgz not in flight; adding
61 verbose addRemoteTarball [ 'https://registry.npmjs.org/mongoose/-/mongoose-4.7.4.tgz',
61 verbose addRemoteTarball   'e92e16ec75ad62f3b56f7209612d65dd25b3f0bd' ]
62 info retry fetch attempt 1 at 11:48:14
63 info attempt registry request try #1 at 11:48:14
64 http fetch GET https://registry.npmjs.org/mongoose/-/mongoose-4.7.4.tgz
65 http fetch 200 https://registry.npmjs.org/mongoose/-/mongoose-4.7.4.tgz
66 silly fetchAndShaCheck shasum e92e16ec75ad62f3b56f7209612d65dd25b3f0bd
67 verbose addTmpTarball C:\Users\Vincent\AppData\Local\Temp\npm-10440-1595f5eb\registry.npmjs.org\mongoose\-\mongoose-4.7.4.tgz not in flight; adding
68 verbose addTmpTarball already have metadata; skipping unpack for mongoose@4.7.4
69 verbose correctMkdir C:\Users\Vincent\AppData\Roaming\npm-cache correctMkdir not in flight; initializing
70 silly cache afterAdd mongoose@4.7.4
71 verbose afterAdd C:\Users\Vincent\AppData\Roaming\npm-cache\mongoose\4.7.4\package\package.json not in flight; writing
72 verbose correctMkdir C:\Users\Vincent\AppData\Roaming\npm-cache correctMkdir not in flight; initializing
73 verbose afterAdd C:\Users\Vincent\AppData\Roaming\npm-cache\mongoose\4.7.4\package\package.json written
74 silly fetchNamedPackageData bson
75 silly mapToRegistry name bson
76 silly mapToRegistry using default registry
77 silly mapToRegistry registry https://registry.npmjs.org/
78 silly mapToRegistry data Result {
78 silly mapToRegistry   raw: 'bson',
78 silly mapToRegistry   scope: null,
78 silly mapToRegistry   escapedName: 'bson',
78 silly mapToRegistry   name: 'bson',
78 silly mapToRegistry   rawSpec: '',
78 silly mapToRegistry   spec: 'latest',
78 silly mapToRegistry   type: 'tag' }
79 silly mapToRegistry uri https://registry.npmjs.org/bson
80 silly fetchNamedPackageData hooks-fixed
81 silly mapToRegistry name hooks-fixed
82 silly mapToRegistry using default registry
83 silly mapToRegistry registry https://registry.npmjs.org/
84 silly mapToRegistry data Result {
84 silly mapToRegistry   raw: 'hooks-fixed',
84 silly mapToRegistry   scope: null,
84 silly mapToRegistry   escapedName: 'hooks-fixed',
84 silly mapToRegistry   name: 'hooks-fixed',
84 silly mapToRegistry   rawSpec: '',
84 silly mapToRegistry   spec: 'latest',
84 silly mapToRegistry   type: 'tag' }
85 silly mapToRegistry uri https://registry.npmjs.org/hooks-fixed
86 silly fetchNamedPackageData kareem
87 silly mapToRegistry name kareem
88 silly mapToRegistry using default registry
89 silly mapToRegistry registry https://registry.npmjs.org/
90 silly mapToRegistry data Result {
90 silly mapToRegistry   raw: 'kareem',
90 silly mapToRegistry   scope: null,
90 silly mapToRegistry   escapedName: 'kareem',
90 silly mapToRegistry   name: 'kareem',
90 silly mapToRegistry   rawSpec: '',
90 silly mapToRegistry   spec: 'latest',
90 silly mapToRegistry   type: 'tag' }
91 silly mapToRegistry uri https://registry.npmjs.org/kareem
92 silly fetchNamedPackageData mongodb
93 silly mapToRegistry name mongodb
94 silly mapToRegistry using default registry
95 silly mapToRegistry registry https://registry.npmjs.org/
96 silly mapToRegistry data Result {
96 silly mapToRegistry   raw: 'mongodb',
96 silly mapToRegistry   scope: null,
96 silly mapToRegistry   escapedName: 'mongodb',
96 silly mapToRegistry   name: 'mongodb',
96 silly mapToRegistry   rawSpec: '',
96 silly mapToRegistry   spec: 'latest',
96 silly mapToRegistry   type: 'tag' }
97 silly mapToRegistry uri https://registry.npmjs.org/mongodb
98 silly fetchNamedPackageData mpath
99 silly mapToRegistry name mpath
100 silly mapToRegistry using default registry
101 silly mapToRegistry registry https://registry.npmjs.org/
102 silly mapToRegistry data Result {
102 silly mapToRegistry   raw: 'mpath',
102 silly mapToRegistry   scope: null,
102 silly mapToRegistry   escapedName: 'mpath',
102 silly mapToRegistry   name: 'mpath',
102 silly mapToRegistry   rawSpec: '',
102 silly mapToRegistry   spec: 'latest',
102 silly mapToRegistry   type: 'tag' }
103 silly mapToRegistry uri https://registry.npmjs.org/mpath
104 silly fetchNamedPackageData mpromise
105 silly mapToRegistry name mpromise
106 silly mapToRegistry using default registry
107 silly mapToRegistry registry https://registry.npmjs.org/
108 silly mapToRegistry data Result {
108 silly mapToRegistry   raw: 'mpromise',
108 silly mapToRegistry   scope: null,
108 silly mapToRegistry   escapedName: 'mpromise',
108 silly mapToRegistry   name: 'mpromise',
108 silly mapToRegistry   rawSpec: '',
108 silly mapToRegistry   spec: 'latest',
108 silly mapToRegistry   type: 'tag' }
109 silly mapToRegistry uri https://registry.npmjs.org/mpromise
110 silly fetchNamedPackageData mquery
111 silly mapToRegistry name mquery
112 silly mapToRegistry using default registry
113 silly mapToRegistry registry https://registry.npmjs.org/
114 silly mapToRegistry data Result {
114 silly mapToRegistry   raw: 'mquery',
114 silly mapToRegistry   scope: null,
114 silly mapToRegistry   escapedName: 'mquery',
114 silly mapToRegistry   name: 'mquery',
114 silly mapToRegistry   rawSpec: '',
114 silly mapToRegistry   spec: 'latest',
114 silly mapToRegistry   type: 'tag' }
115 silly mapToRegistry uri https://registry.npmjs.org/mquery
116 silly fetchNamedPackageData ms
117 silly mapToRegistry name ms
118 silly mapToRegistry using default registry
119 silly mapToRegistry registry https://registry.npmjs.org/
120 silly mapToRegistry data Result {
120 silly mapToRegistry   raw: 'ms',
120 silly mapToRegistry   scope: null,
120 silly mapToRegistry   escapedName: 'ms',
120 silly mapToRegistry   name: 'ms',
120 silly mapToRegistry   rawSpec: '',
120 silly mapToRegistry   spec: 'latest',
120 silly mapToRegistry   type: 'tag' }
121 silly mapToRegistry uri https://registry.npmjs.org/ms
122 silly fetchNamedPackageData muri
123 silly mapToRegistry name muri
124 silly mapToRegistry using default registry
125 silly mapToRegistry registry https://registry.npmjs.org/
126 silly mapToRegistry data Result {
126 silly mapToRegistry   raw: 'muri',
126 silly mapToRegistry   scope: null,
126 silly mapToRegistry   escapedName: 'muri',
126 silly mapToRegistry   name: 'muri',
126 silly mapToRegistry   rawSpec: '',
126 silly mapToRegistry   spec: 'latest',
126 silly mapToRegistry   type: 'tag' }
127 silly mapToRegistry uri https://registry.npmjs.org/muri
128 silly fetchNamedPackageData regexp-clone
129 silly mapToRegistry name regexp-clone
130 silly mapToRegistry using default registry
131 silly mapToRegistry registry https://registry.npmjs.org/
132 silly mapToRegistry data Result {
132 silly mapToRegistry   raw: 'regexp-clone',
132 silly mapToRegistry   scope: null,
132 silly mapToRegistry   escapedName: 'regexp-clone',
132 silly mapToRegistry   name: 'regexp-clone',
132 silly mapToRegistry   rawSpec: '',
132 silly mapToRegistry   spec: 'latest',
132 silly mapToRegistry   type: 'tag' }
133 silly mapToRegistry uri https://registry.npmjs.org/regexp-clone
134 silly fetchNamedPackageData sliced
135 silly mapToRegistry name sliced
136 silly mapToRegistry using default registry
137 silly mapToRegistry registry https://registry.npmjs.org/
138 silly mapToRegistry data Result {
138 silly mapToRegistry   raw: 'sliced',
138 silly mapToRegistry   scope: null,
138 silly mapToRegistry   escapedName: 'sliced',
138 silly mapToRegistry   name: 'sliced',
138 silly mapToRegistry   rawSpec: '',
138 silly mapToRegistry   spec: 'latest',
138 silly mapToRegistry   type: 'tag' }
139 silly mapToRegistry uri https://registry.npmjs.org/sliced
140 verbose request uri https://registry.npmjs.org/kareem
141 verbose request no auth needed
142 info attempt registry request try #1 at 11:48:38
143 verbose etag W/"57714300-6264"
144 verbose lastModified Mon, 27 Jun 2016 15:15:12 GMT
145 http request GET https://registry.npmjs.org/kareem
146 verbose request uri https://registry.npmjs.org/hooks-fixed
147 verbose request no auth needed
148 info attempt registry request try #1 at 11:48:38
149 verbose etag W/"5790e0d3-50c7"
150 verbose lastModified Thu, 21 Jul 2016 14:48:51 GMT
151 http request GET https://registry.npmjs.org/hooks-fixed
152 verbose request uri https://registry.npmjs.org/bson
153 verbose request no auth needed
154 info attempt registry request try #1 at 11:48:38
155 verbose etag W/"582f08aa-1835d"
156 verbose lastModified Fri, 18 Nov 2016 13:56:58 GMT
157 http request GET https://registry.npmjs.org/bson
158 verbose request uri https://registry.npmjs.org/mpath
159 verbose request no auth needed
160 info attempt registry request try #1 at 11:48:38
161 verbose etag W/"5527de71-2e4c"
162 verbose lastModified Fri, 10 Apr 2015 14:30:09 GMT
163 http request GET https://registry.npmjs.org/mpath
164 verbose request uri https://registry.npmjs.org/mpromise
165 verbose request no auth needed
166 info attempt registry request try #1 at 11:48:38
167 verbose etag W/"541bfc47-5edf"
168 verbose lastModified Fri, 19 Sep 2014 09:49:59 GMT
169 http request GET https://registry.npmjs.org/mpromise
170 verbose request uri https://registry.npmjs.org/ms
171 verbose request no auth needed
172 info attempt registry request try #1 at 11:48:38
173 verbose etag W/"5820d218-2c0d"
174 verbose lastModified Mon, 07 Nov 2016 19:12:24 GMT
175 http request GET https://registry.npmjs.org/ms
176 verbose request uri https://registry.npmjs.org/regexp-clone
177 verbose request no auth needed
178 info attempt registry request try #1 at 11:48:38
179 verbose etag W/"516f12a5-7d2"
180 verbose lastModified Wed, 17 Apr 2013 21:22:45 GMT
181 http request GET https://registry.npmjs.org/regexp-clone
182 verbose request uri https://registry.npmjs.org/mquery
183 verbose request no auth needed
184 info attempt registry request try #1 at 11:48:38
185 verbose etag W/"57e867d2-1525d"
186 verbose lastModified Mon, 26 Sep 2016 00:12:02 GMT
187 http request GET https://registry.npmjs.org/mquery
188 verbose request uri https://registry.npmjs.org/mongodb
189 verbose request no auth needed
190 info attempt registry request try #1 at 11:48:38
191 verbose etag W/"583e6e6a-8d639"
192 verbose lastModified Wed, 30 Nov 2016 06:15:06 GMT
193 http request GET https://registry.npmjs.org/mongodb
194 verbose request uri https://registry.npmjs.org/sliced
195 verbose request no auth needed
196 info attempt registry request try #1 at 11:48:38
197 verbose etag W/"55a5a220-2561"
198 verbose lastModified Tue, 14 Jul 2015 23:58:24 GMT
199 http request GET https://registry.npmjs.org/sliced
200 verbose request uri https://registry.npmjs.org/muri
201 verbose request no auth needed
202 info attempt registry request try #1 at 11:48:38
203 verbose etag W/"57e98fb4-2de2"
204 verbose lastModified Mon, 26 Sep 2016 21:14:28 GMT
205 http request GET https://registry.npmjs.org/muri
206 http 200 https://registry.npmjs.org/kareem
207 verbose headers { server: 'nginx/1.10.1',
207 verbose headers   'content-type': 'application/json',
207 verbose headers   'last-modified': 'Tue, 13 Dec 2016 01:30:37 GMT',
207 verbose headers   etag: 'W/"584f4f3d-6d88"',
207 verbose headers   'content-encoding': 'gzip',
207 verbose headers   'cache-control': 'max-age=300',
207 verbose headers   'content-length': '4205',
207 verbose headers   'accept-ranges': 'bytes',
207 verbose headers   date: 'Mon, 26 Dec 2016 03:48:36 GMT',
207 verbose headers   via: '1.1 varnish',
207 verbose headers   age: '0',
207 verbose headers   connection: 'keep-alive',
207 verbose headers   'x-served-by': 'cache-itm7421-ITM',
207 verbose headers   'x-cache': 'HIT',
207 verbose headers   'x-cache-hits': '1',
207 verbose headers   'x-timer': 'S1482724116.621602,VS0,VE137',
207 verbose headers   vary: 'Accept-Encoding' }
208 silly get cb [ 200,
208 silly get   { server: 'nginx/1.10.1',
208 silly get     'content-type': 'application/json',
208 silly get     'last-modified': 'Tue, 13 Dec 2016 01:30:37 GMT',
208 silly get     etag: 'W/"584f4f3d-6d88"',
208 silly get     'content-encoding': 'gzip',
208 silly get     'cache-control': 'max-age=300',
208 silly get     'content-length': '4205',
208 silly get     'accept-ranges': 'bytes',
208 silly get     date: 'Mon, 26 Dec 2016 03:48:36 GMT',
208 silly get     via: '1.1 varnish',
208 silly get     age: '0',
208 silly get     connection: 'keep-alive',
208 silly get     'x-served-by': 'cache-itm7421-ITM',
208 silly get     'x-cache': 'HIT',
208 silly get     'x-cache-hits': '1',
208 silly get     'x-timer': 'S1482724116.621602,VS0,VE137',
208 silly get     vary: 'Accept-Encoding' } ]
209 verbose get saving kareem to C:\Users\Vincent\AppData\Roaming\npm-cache\registry.npmjs.org\kareem\.cache.json
210 verbose correctMkdir C:\Users\Vincent\AppData\Roaming\npm-cache correctMkdir not in flight; initializing
211 silly resolveWithNewModule kareem@1.1.5 checking installable status
212 silly cache add args [ 'kareem@1.1.5', null ]
213 verbose cache add spec kareem@1.1.5
214 silly cache add parsed spec Result {
214 silly cache add   raw: 'kareem@1.1.5',
214 silly cache add   scope: null,
214 silly cache add   escapedName: 'kareem',
214 silly cache add   name: 'kareem',
214 silly cache add   rawSpec: '1.1.5',
214 silly cache add   spec: '1.1.5',
214 silly cache add   type: 'version' }
215 silly addNamed kareem@1.1.5
216 verbose addNamed "1.1.5" is a plain semver version for kareem
217 silly mapToRegistry name kareem
218 silly mapToRegistry using default registry
219 silly mapToRegistry registry https://registry.npmjs.org/
220 silly mapToRegistry data Result {
220 silly mapToRegistry   raw: 'kareem',
220 silly mapToRegistry   scope: null,
220 silly mapToRegistry   escapedName: 'kareem',
220 silly mapToRegistry   name: 'kareem',
220 silly mapToRegistry   rawSpec: '',
220 silly mapToRegistry   spec: 'latest',
220 silly mapToRegistry   type: 'tag' }
221 silly mapToRegistry uri https://registry.npmjs.org/kareem
222 verbose addNameVersion registry:https://registry.npmjs.org/kareem not in flight; fetching
223 verbose get https://registry.npmjs.org/kareem not expired, no request
224 silly mapToRegistry name kareem
225 silly mapToRegistry using default registry
226 silly mapToRegistry registry https://registry.npmjs.org/
227 silly mapToRegistry data Result {
227 silly mapToRegistry   raw: 'kareem',
227 silly mapToRegistry   scope: null,
227 silly mapToRegistry   escapedName: 'kareem',
227 silly mapToRegistry   name: 'kareem',
227 silly mapToRegistry   rawSpec: '',
227 silly mapToRegistry   spec: 'latest',
227 silly mapToRegistry   type: 'tag' }
228 silly mapToRegistry uri https://registry.npmjs.org/kareem
229 verbose addRemoteTarball https://registry.npmjs.org/kareem/-/kareem-1.1.5.tgz not in flight; adding
230 verbose addRemoteTarball [ 'https://registry.npmjs.org/kareem/-/kareem-1.1.5.tgz',
230 verbose addRemoteTarball   'fd5657d5731cc5901c870f3a448105b40ca7de8a' ]
231 info retry fetch attempt 1 at 11:48:38
232 info attempt registry request try #1 at 11:48:38
233 http fetch GET https://registry.npmjs.org/kareem/-/kareem-1.1.5.tgz
234 http 304 https://registry.npmjs.org/mpromise
235 verbose headers { date: 'Mon, 26 Dec 2016 03:48:36 GMT',
235 verbose headers   via: '1.1 varnish',
235 verbose headers   'cache-control': 'max-age=300',
235 verbose headers   etag: 'W/"541bfc47-5edf"',
235 verbose headers   age: '0',
235 verbose headers   connection: 'keep-alive',
235 verbose headers   'x-served-by': 'cache-itm7420-ITM',
235 verbose headers   'x-cache': 'HIT',
235 verbose headers   'x-cache-hits': '1',
235 verbose headers   'x-timer': 'S1482724116.904757,VS0,VE135',
235 verbose headers   vary: 'Accept-Encoding' }
236 silly get cb [ 304,
236 silly get   { date: 'Mon, 26 Dec 2016 03:48:36 GMT',
236 silly get     via: '1.1 varnish',
236 silly get     'cache-control': 'max-age=300',
236 silly get     etag: 'W/"541bfc47-5edf"',
236 silly get     age: '0',
236 silly get     connection: 'keep-alive',
236 silly get     'x-served-by': 'cache-itm7420-ITM',
236 silly get     'x-cache': 'HIT',
236 silly get     'x-cache-hits': '1',
236 silly get     'x-timer': 'S1482724116.904757,VS0,VE135',
236 silly get     vary: 'Accept-Encoding' } ]
237 verbose etag https://registry.npmjs.org/mpromise from cache
238 verbose get saving mpromise to C:\Users\Vincent\AppData\Roaming\npm-cache\registry.npmjs.org\mpromise\.cache.json
239 verbose correctMkdir C:\Users\Vincent\AppData\Roaming\npm-cache correctMkdir not in flight; initializing
240 silly resolveWithNewModule mpromise@0.5.5 checking installable status
241 silly cache add args [ 'mpromise@0.5.5', null ]
242 verbose cache add spec mpromise@0.5.5
243 silly cache add parsed spec Result {
243 silly cache add   raw: 'mpromise@0.5.5',
243 silly cache add   scope: null,
243 silly cache add   escapedName: 'mpromise',
243 silly cache add   name: 'mpromise',
243 silly cache add   rawSpec: '0.5.5',
243 silly cache add   spec: '0.5.5',
243 silly cache add   type: 'version' }
244 silly addNamed mpromise@0.5.5
245 verbose addNamed "0.5.5" is a plain semver version for mpromise
246 silly mapToRegistry name mpromise
247 silly mapToRegistry using default registry
248 silly mapToRegistry registry https://registry.npmjs.org/
249 silly mapToRegistry data Result {
249 silly mapToRegistry   raw: 'mpromise',
249 silly mapToRegistry   scope: null,
249 silly mapToRegistry   escapedName: 'mpromise',
249 silly mapToRegistry   name: 'mpromise',
249 silly mapToRegistry   rawSpec: '',
249 silly mapToRegistry   spec: 'latest',
249 silly mapToRegistry   type: 'tag' }
250 silly mapToRegistry uri https://registry.npmjs.org/mpromise
251 verbose addNameVersion registry:https://registry.npmjs.org/mpromise not in flight; fetching
252 verbose get https://registry.npmjs.org/mpromise not expired, no request
253 silly cache afterAdd mpromise@0.5.5
254 verbose afterAdd C:\Users\Vincent\AppData\Roaming\npm-cache\mpromise\0.5.5\package\package.json not in flight; writing
255 verbose correctMkdir C:\Users\Vincent\AppData\Roaming\npm-cache correctMkdir not in flight; initializing
256 verbose afterAdd C:\Users\Vincent\AppData\Roaming\npm-cache\mpromise\0.5.5\package\package.json written
257 http fetch 200 https://registry.npmjs.org/kareem/-/kareem-1.1.5.tgz
258 http 200 https://registry.npmjs.org/ms
259 verbose headers { server: 'nginx/1.10.1',
259 verbose headers   'content-type': 'application/json',
259 verbose headers   'last-modified': 'Sat, 24 Dec 2016 11:47:03 GMT',
259 verbose headers   etag: 'W/"585e6037-2c31"',
259 verbose headers   'content-encoding': 'gzip',
259 verbose headers   'cache-control': 'max-age=300',
259 verbose headers   'content-length': '3062',
259 verbose headers   'accept-ranges': 'bytes',
259 verbose headers   date: 'Mon, 26 Dec 2016 03:48:37 GMT',
259 verbose headers   via: '1.1 varnish',
259 verbose headers   age: '191',
259 verbose headers   connection: 'keep-alive',
259 verbose headers   'x-served-by': 'cache-itm7423-ITM',
259 verbose headers   'x-cache': 'HIT',
259 verbose headers   'x-cache-hits': '12',
259 verbose headers   'x-timer': 'S1482724117.083020,VS0,VE0',
259 verbose headers   vary: 'Accept-Encoding' }
260 silly get cb [ 200,
260 silly get   { server: 'nginx/1.10.1',
260 silly get     'content-type': 'application/json',
260 silly get     'last-modified': 'Sat, 24 Dec 2016 11:47:03 GMT',
260 silly get     etag: 'W/"585e6037-2c31"',
260 silly get     'content-encoding': 'gzip',
260 silly get     'cache-control': 'max-age=300',
260 silly get     'content-length': '3062',
260 silly get     'accept-ranges': 'bytes',
260 silly get     date: 'Mon, 26 Dec 2016 03:48:37 GMT',
260 silly get     via: '1.1 varnish',
260 silly get     age: '191',
260 silly get     connection: 'keep-alive',
260 silly get     'x-served-by': 'cache-itm7423-ITM',
260 silly get     'x-cache': 'HIT',
260 silly get     'x-cache-hits': '12',
260 silly get     'x-timer': 'S1482724117.083020,VS0,VE0',
260 silly get     vary: 'Accept-Encoding' } ]
261 verbose get saving ms to C:\Users\Vincent\AppData\Roaming\npm-cache\registry.npmjs.org\ms\.cache.json
262 verbose correctMkdir C:\Users\Vincent\AppData\Roaming\npm-cache correctMkdir not in flight; initializing
263 silly resolveWithNewModule ms@0.7.2 checking installable status
264 silly cache add args [ 'ms@0.7.2', null ]
265 verbose cache add spec ms@0.7.2
266 silly cache add parsed spec Result {
266 silly cache add   raw: 'ms@0.7.2',
266 silly cache add   scope: null,
266 silly cache add   escapedName: 'ms',
266 silly cache add   name: 'ms',
266 silly cache add   rawSpec: '0.7.2',
266 silly cache add   spec: '0.7.2',
266 silly cache add   type: 'version' }
267 silly addNamed ms@0.7.2
268 verbose addNamed "0.7.2" is a plain semver version for ms
269 silly mapToRegistry name ms
270 silly mapToRegistry using default registry
271 silly mapToRegistry registry https://registry.npmjs.org/
272 silly mapToRegistry data Result {
272 silly mapToRegistry   raw: 'ms',
272 silly mapToRegistry   scope: null,
272 silly mapToRegistry   escapedName: 'ms',
272 silly mapToRegistry   name: 'ms',
272 silly mapToRegistry   rawSpec: '',
272 silly mapToRegistry   spec: 'latest',
272 silly mapToRegistry   type: 'tag' }
273 silly mapToRegistry uri https://registry.npmjs.org/ms
274 verbose addNameVersion registry:https://registry.npmjs.org/ms not in flight; fetching
275 verbose get https://registry.npmjs.org/ms not expired, no request
276 silly cache afterAdd ms@0.7.2
277 verbose afterAdd C:\Users\Vincent\AppData\Roaming\npm-cache\ms\0.7.2\package\package.json not in flight; writing
278 verbose correctMkdir C:\Users\Vincent\AppData\Roaming\npm-cache correctMkdir not in flight; initializing
279 verbose afterAdd C:\Users\Vincent\AppData\Roaming\npm-cache\ms\0.7.2\package\package.json written
280 http 304 https://registry.npmjs.org/regexp-clone
281 verbose headers { date: 'Mon, 26 Dec 2016 03:48:37 GMT',
281 verbose headers   via: '1.1 varnish',
281 verbose headers   'cache-control': 'max-age=300',
281 verbose headers   etag: 'W/"516f12a5-7d2"',
281 verbose headers   age: '0',
281 verbose headers   connection: 'keep-alive',
281 verbose headers   'x-served-by': 'cache-itm7427-ITM',
281 verbose headers   'x-cache': 'HIT',
281 verbose headers   'x-cache-hits': '1',
281 verbose headers   'x-timer': 'S1482724117.082499,VS0,VE140',
281 verbose headers   vary: 'Accept-Encoding' }
282 silly get cb [ 304,
282 silly get   { date: 'Mon, 26 Dec 2016 03:48:37 GMT',
282 silly get     via: '1.1 varnish',
282 silly get     'cache-control': 'max-age=300',
282 silly get     etag: 'W/"516f12a5-7d2"',
282 silly get     age: '0',
282 silly get     connection: 'keep-alive',
282 silly get     'x-served-by': 'cache-itm7427-ITM',
282 silly get     'x-cache': 'HIT',
282 silly get     'x-cache-hits': '1',
282 silly get     'x-timer': 'S1482724117.082499,VS0,VE140',
282 silly get     vary: 'Accept-Encoding' } ]
283 verbose etag https://registry.npmjs.org/regexp-clone from cache
284 verbose get saving regexp-clone to C:\Users\Vincent\AppData\Roaming\npm-cache\registry.npmjs.org\regexp-clone\.cache.json
285 verbose correctMkdir C:\Users\Vincent\AppData\Roaming\npm-cache correctMkdir not in flight; initializing
286 silly resolveWithNewModule regexp-clone@0.0.1 checking installable status
287 silly cache add args [ 'regexp-clone@0.0.1', null ]
288 verbose cache add spec regexp-clone@0.0.1
289 silly cache add parsed spec Result {
289 silly cache add   raw: 'regexp-clone@0.0.1',
289 silly cache add   scope: null,
289 silly cache add   escapedName: 'regexp-clone',
289 silly cache add   name: 'regexp-clone',
289 silly cache add   rawSpec: '0.0.1',
289 silly cache add   spec: '0.0.1',
289 silly cache add   type: 'version' }
290 silly addNamed regexp-clone@0.0.1
291 verbose addNamed "0.0.1" is a plain semver version for regexp-clone
292 silly mapToRegistry name regexp-clone
293 silly mapToRegistry using default registry
294 silly mapToRegistry registry https://registry.npmjs.org/
295 silly mapToRegistry data Result {
295 silly mapToRegistry   raw: 'regexp-clone',
295 silly mapToRegistry   scope: null,
295 silly mapToRegistry   escapedName: 'regexp-clone',
295 silly mapToRegistry   name: 'regexp-clone',
295 silly mapToRegistry   rawSpec: '',
295 silly mapToRegistry   spec: 'latest',
295 silly mapToRegistry   type: 'tag' }
296 silly mapToRegistry uri https://registry.npmjs.org/regexp-clone
297 verbose addNameVersion registry:https://registry.npmjs.org/regexp-clone not in flight; fetching
298 verbose get https://registry.npmjs.org/regexp-clone not expired, no request
299 silly cache afterAdd regexp-clone@0.0.1
300 verbose afterAdd C:\Users\Vincent\AppData\Roaming\npm-cache\regexp-clone\0.0.1\package\package.json not in flight; writing
301 verbose correctMkdir C:\Users\Vincent\AppData\Roaming\npm-cache correctMkdir not in flight; initializing
302 verbose afterAdd C:\Users\Vincent\AppData\Roaming\npm-cache\regexp-clone\0.0.1\package\package.json written
303 http 304 https://registry.npmjs.org/hooks-fixed
304 verbose headers { date: 'Mon, 26 Dec 2016 03:48:36 GMT',
304 verbose headers   via: '1.1 varnish',
304 verbose headers   'cache-control': 'max-age=300',
304 verbose headers   etag: 'W/"5790e0d3-50c7"',
304 verbose headers   age: '0',
304 verbose headers   connection: 'keep-alive',
304 verbose headers   'x-served-by': 'cache-itm7420-ITM',
304 verbose headers   'x-cache': 'HIT',
304 verbose headers   'x-cache-hits': '1',
304 verbose headers   'x-timer': 'S1482724116.885403,VS0,VE140',
304 verbose headers   vary: 'Accept-Encoding' }
305 silly get cb [ 304,
305 silly get   { date: 'Mon, 26 Dec 2016 03:48:36 GMT',
305 silly get     via: '1.1 varnish',
305 silly get     'cache-control': 'max-age=300',
305 silly get     etag: 'W/"5790e0d3-50c7"',
305 silly get     age: '0',
305 silly get     connection: 'keep-alive',
305 silly get     'x-served-by': 'cache-itm7420-ITM',
305 silly get     'x-cache': 'HIT',
305 silly get     'x-cache-hits': '1',
305 silly get     'x-timer': 'S1482724116.885403,VS0,VE140',
305 silly get     vary: 'Accept-Encoding' } ]
306 verbose etag https://registry.npmjs.org/hooks-fixed from cache
307 verbose get saving hooks-fixed to C:\Users\Vincent\AppData\Roaming\npm-cache\registry.npmjs.org\hooks-fixed\.cache.json
308 verbose correctMkdir C:\Users\Vincent\AppData\Roaming\npm-cache correctMkdir not in flight; initializing
309 silly resolveWithNewModule hooks-fixed@1.2.0 checking installable status
310 silly cache add args [ 'hooks-fixed@1.2.0', null ]
311 verbose cache add spec hooks-fixed@1.2.0
312 silly cache add parsed spec Result {
312 silly cache add   raw: 'hooks-fixed@1.2.0',
312 silly cache add   scope: null,
312 silly cache add   escapedName: 'hooks-fixed',
312 silly cache add   name: 'hooks-fixed',
312 silly cache add   rawSpec: '1.2.0',
312 silly cache add   spec: '1.2.0',
312 silly cache add   type: 'version' }
313 silly addNamed hooks-fixed@1.2.0
314 verbose addNamed "1.2.0" is a plain semver version for hooks-fixed
315 silly mapToRegistry name hooks-fixed
316 silly mapToRegistry using default registry
317 silly mapToRegistry registry https://registry.npmjs.org/
318 silly mapToRegistry data Result {
318 silly mapToRegistry   raw: 'hooks-fixed',
318 silly mapToRegistry   scope: null,
318 silly mapToRegistry   escapedName: 'hooks-fixed',
318 silly mapToRegistry   name: 'hooks-fixed',
318 silly mapToRegistry   rawSpec: '',
318 silly mapToRegistry   spec: 'latest',
318 silly mapToRegistry   type: 'tag' }
319 silly mapToRegistry uri https://registry.npmjs.org/hooks-fixed
320 verbose addNameVersion registry:https://registry.npmjs.org/hooks-fixed not in flight; fetching
321 verbose get https://registry.npmjs.org/hooks-fixed not expired, no request
322 silly cache afterAdd hooks-fixed@1.2.0
323 verbose afterAdd C:\Users\Vincent\AppData\Roaming\npm-cache\hooks-fixed\1.2.0\package\package.json not in flight; writing
324 verbose correctMkdir C:\Users\Vincent\AppData\Roaming\npm-cache correctMkdir not in flight; initializing
325 verbose afterAdd C:\Users\Vincent\AppData\Roaming\npm-cache\hooks-fixed\1.2.0\package\package.json written
326 silly fetchAndShaCheck shasum fd5657d5731cc5901c870f3a448105b40ca7de8a
327 verbose addTmpTarball C:\Users\Vincent\AppData\Local\Temp\npm-10440-1595f5eb\registry.npmjs.org\kareem\-\kareem-1.1.5.tgz not in flight; adding
328 verbose addTmpTarball already have metadata; skipping unpack for kareem@1.1.5
329 verbose correctMkdir C:\Users\Vincent\AppData\Roaming\npm-cache correctMkdir not in flight; initializing
330 silly cache afterAdd kareem@1.1.5
331 verbose afterAdd C:\Users\Vincent\AppData\Roaming\npm-cache\kareem\1.1.5\package\package.json not in flight; writing
332 verbose correctMkdir C:\Users\Vincent\AppData\Roaming\npm-cache correctMkdir not in flight; initializing
333 verbose afterAdd C:\Users\Vincent\AppData\Roaming\npm-cache\kareem\1.1.5\package\package.json written
334 http 304 https://registry.npmjs.org/mpath
335 verbose headers { date: 'Mon, 26 Dec 2016 03:48:37 GMT',
335 verbose headers   via: '1.1 varnish',
335 verbose headers   'cache-control': 'max-age=300',
335 verbose headers   etag: 'W/"5527de71-2e4c"',
335 verbose headers   age: '0',
335 verbose headers   connection: 'keep-alive',
335 verbose headers   'x-served-by': 'cache-itm7426-ITM',
335 verbose headers   'x-cache': 'HIT',
335 verbose headers   'x-cache-hits': '1',
335 verbose headers   'x-timer': 'S1482724117.567735,VS0,VE135',
335 verbose headers   vary: 'Accept-Encoding' }
336 silly get cb [ 304,
336 silly get   { date: 'Mon, 26 Dec 2016 03:48:37 GMT',
336 silly get     via: '1.1 varnish',
336 silly get     'cache-control': 'max-age=300',
336 silly get     etag: 'W/"5527de71-2e4c"',
336 silly get     age: '0',
336 silly get     connection: 'keep-alive',
336 silly get     'x-served-by': 'cache-itm7426-ITM',
336 silly get     'x-cache': 'HIT',
336 silly get     'x-cache-hits': '1',
336 silly get     'x-timer': 'S1482724117.567735,VS0,VE135',
336 silly get     vary: 'Accept-Encoding' } ]
337 verbose etag https://registry.npmjs.org/mpath from cache
338 verbose get saving mpath to C:\Users\Vincent\AppData\Roaming\npm-cache\registry.npmjs.org\mpath\.cache.json
339 verbose correctMkdir C:\Users\Vincent\AppData\Roaming\npm-cache correctMkdir not in flight; initializing
340 silly resolveWithNewModule mpath@0.2.1 checking installable status
341 silly cache add args [ 'mpath@0.2.1', null ]
342 verbose cache add spec mpath@0.2.1
343 silly cache add parsed spec Result {
343 silly cache add   raw: 'mpath@0.2.1',
343 silly cache add   scope: null,
343 silly cache add   escapedName: 'mpath',
343 silly cache add   name: 'mpath',
343 silly cache add   rawSpec: '0.2.1',
343 silly cache add   spec: '0.2.1',
343 silly cache add   type: 'version' }
344 silly addNamed mpath@0.2.1
345 verbose addNamed "0.2.1" is a plain semver version for mpath
346 silly mapToRegistry name mpath
347 silly mapToRegistry using default registry
348 silly mapToRegistry registry https://registry.npmjs.org/
349 silly mapToRegistry data Result {
349 silly mapToRegistry   raw: 'mpath',
349 silly mapToRegistry   scope: null,
349 silly mapToRegistry   escapedName: 'mpath',
349 silly mapToRegistry   name: 'mpath',
349 silly mapToRegistry   rawSpec: '',
349 silly mapToRegistry   spec: 'latest',
349 silly mapToRegistry   type: 'tag' }
350 silly mapToRegistry uri https://registry.npmjs.org/mpath
351 verbose addNameVersion registry:https://registry.npmjs.org/mpath not in flight; fetching
352 verbose get https://registry.npmjs.org/mpath not expired, no request
353 silly cache afterAdd mpath@0.2.1
354 verbose afterAdd C:\Users\Vincent\AppData\Roaming\npm-cache\mpath\0.2.1\package\package.json not in flight; writing
355 verbose correctMkdir C:\Users\Vincent\AppData\Roaming\npm-cache correctMkdir not in flight; initializing
356 verbose afterAdd C:\Users\Vincent\AppData\Roaming\npm-cache\mpath\0.2.1\package\package.json written
357 http 200 https://registry.npmjs.org/mongodb
358 verbose headers { server: 'nginx/1.10.1',
358 verbose headers   'content-type': 'application/json',
358 verbose headers   'last-modified': 'Wed, 21 Dec 2016 19:51:25 GMT',
358 verbose headers   etag: 'W/"585add3d-9421e"',
358 verbose headers   'content-encoding': 'gzip',
358 verbose headers   'cache-control': 'max-age=300',
358 verbose headers   'content-length': '34771',
358 verbose headers   'accept-ranges': 'bytes',
358 verbose headers   date: 'Mon, 26 Dec 2016 03:48:37 GMT',
358 verbose headers   via: '1.1 varnish',
358 verbose headers   age: '155',
358 verbose headers   connection: 'keep-alive',
358 verbose headers   'x-served-by': 'cache-itm7421-ITM',
358 verbose headers   'x-cache': 'HIT',
358 verbose headers   'x-cache-hits': '3',
358 verbose headers   'x-timer': 'S1482724117.089144,VS0,VE0',
358 verbose headers   vary: 'Accept-Encoding' }
359 silly get cb [ 200,
359 silly get   { server: 'nginx/1.10.1',
359 silly get     'content-type': 'application/json',
359 silly get     'last-modified': 'Wed, 21 Dec 2016 19:51:25 GMT',
359 silly get     etag: 'W/"585add3d-9421e"',
359 silly get     'content-encoding': 'gzip',
359 silly get     'cache-control': 'max-age=300',
359 silly get     'content-length': '34771',
359 silly get     'accept-ranges': 'bytes',
359 silly get     date: 'Mon, 26 Dec 2016 03:48:37 GMT',
359 silly get     via: '1.1 varnish',
359 silly get     age: '155',
359 silly get     connection: 'keep-alive',
359 silly get     'x-served-by': 'cache-itm7421-ITM',
359 silly get     'x-cache': 'HIT',
359 silly get     'x-cache-hits': '3',
359 silly get     'x-timer': 'S1482724117.089144,VS0,VE0',
359 silly get     vary: 'Accept-Encoding' } ]
360 verbose get saving mongodb to C:\Users\Vincent\AppData\Roaming\npm-cache\registry.npmjs.org\mongodb\.cache.json
361 verbose correctMkdir C:\Users\Vincent\AppData\Roaming\npm-cache correctMkdir not in flight; initializing
362 silly resolveWithNewModule mongodb@2.2.16 checking installable status
363 silly cache add args [ 'mongodb@2.2.16', null ]
364 verbose cache add spec mongodb@2.2.16
365 silly cache add parsed spec Result {
365 silly cache add   raw: 'mongodb@2.2.16',
365 silly cache add   scope: null,
365 silly cache add   escapedName: 'mongodb',
365 silly cache add   name: 'mongodb',
365 silly cache add   rawSpec: '2.2.16',
365 silly cache add   spec: '2.2.16',
365 silly cache add   type: 'version' }
366 silly addNamed mongodb@2.2.16
367 verbose addNamed "2.2.16" is a plain semver version for mongodb
368 silly mapToRegistry name mongodb
369 silly mapToRegistry using default registry
370 silly mapToRegistry registry https://registry.npmjs.org/
371 silly mapToRegistry data Result {
371 silly mapToRegistry   raw: 'mongodb',
371 silly mapToRegistry   scope: null,
371 silly mapToRegistry   escapedName: 'mongodb',
371 silly mapToRegistry   name: 'mongodb',
371 silly mapToRegistry   rawSpec: '',
371 silly mapToRegistry   spec: 'latest',
371 silly mapToRegistry   type: 'tag' }
372 silly mapToRegistry uri https://registry.npmjs.org/mongodb
373 verbose addNameVersion registry:https://registry.npmjs.org/mongodb not in flight; fetching
374 verbose get https://registry.npmjs.org/mongodb not expired, no request
375 silly mapToRegistry name mongodb
376 silly mapToRegistry using default registry
377 silly mapToRegistry registry https://registry.npmjs.org/
378 silly mapToRegistry data Result {
378 silly mapToRegistry   raw: 'mongodb',
378 silly mapToRegistry   scope: null,
378 silly mapToRegistry   escapedName: 'mongodb',
378 silly mapToRegistry   name: 'mongodb',
378 silly mapToRegistry   rawSpec: '',
378 silly mapToRegistry   spec: 'latest',
378 silly mapToRegistry   type: 'tag' }
379 silly mapToRegistry uri https://registry.npmjs.org/mongodb
380 verbose addRemoteTarball https://registry.npmjs.org/mongodb/-/mongodb-2.2.16.tgz not in flight; adding
381 verbose addRemoteTarball [ 'https://registry.npmjs.org/mongodb/-/mongodb-2.2.16.tgz',
381 verbose addRemoteTarball   'e32ba91cf9e29f371fb38ba0c4a71c3b1f5fae77' ]
382 info retry fetch attempt 1 at 11:48:39
383 info attempt registry request try #1 at 11:48:39
384 http fetch GET https://registry.npmjs.org/mongodb/-/mongodb-2.2.16.tgz
385 http fetch 200 https://registry.npmjs.org/mongodb/-/mongodb-2.2.16.tgz
386 http 200 https://registry.npmjs.org/mquery
387 verbose headers { server: 'nginx/1.10.1',
387 verbose headers   'content-type': 'application/json',
387 verbose headers   'last-modified': 'Thu, 22 Dec 2016 16:54:06 GMT',
387 verbose headers   etag: 'W/"585c052e-157d0"',
387 verbose headers   'content-encoding': 'gzip',
387 verbose headers   'cache-control': 'max-age=300',
387 verbose headers   'content-length': '14263',
387 verbose headers   'accept-ranges': 'bytes',
387 verbose headers   date: 'Mon, 26 Dec 2016 03:48:40 GMT',
387 verbose headers   via: '1.1 varnish',
387 verbose headers   age: '0',
387 verbose headers   connection: 'keep-alive',
387 verbose headers   'x-served-by': 'cache-itm7420-ITM',
387 verbose headers   'x-cache': 'HIT',
387 verbose headers   'x-cache-hits': '1',
387 verbose headers   'x-timer': 'S1482724119.917163,VS0,VE124',
387 verbose headers   vary: 'Accept-Encoding' }
388 silly get cb [ 200,
388 silly get   { server: 'nginx/1.10.1',
388 silly get     'content-type': 'application/json',
388 silly get     'last-modified': 'Thu, 22 Dec 2016 16:54:06 GMT',
388 silly get     etag: 'W/"585c052e-157d0"',
388 silly get     'content-encoding': 'gzip',
388 silly get     'cache-control': 'max-age=300',
388 silly get     'content-length': '14263',
388 silly get     'accept-ranges': 'bytes',
388 silly get     date: 'Mon, 26 Dec 2016 03:48:40 GMT',
388 silly get     via: '1.1 varnish',
388 silly get     age: '0',
388 silly get     connection: 'keep-alive',
388 silly get     'x-served-by': 'cache-itm7420-ITM',
388 silly get     'x-cache': 'HIT',
388 silly get     'x-cache-hits': '1',
388 silly get     'x-timer': 'S1482724119.917163,VS0,VE124',
388 silly get     vary: 'Accept-Encoding' } ]
389 verbose get saving mquery to C:\Users\Vincent\AppData\Roaming\npm-cache\registry.npmjs.org\mquery\.cache.json
390 verbose correctMkdir C:\Users\Vincent\AppData\Roaming\npm-cache correctMkdir not in flight; initializing
391 silly resolveWithNewModule mquery@2.0.0 checking installable status
392 silly cache add args [ 'mquery@2.0.0', null ]
393 verbose cache add spec mquery@2.0.0
394 silly cache add parsed spec Result {
394 silly cache add   raw: 'mquery@2.0.0',
394 silly cache add   scope: null,
394 silly cache add   escapedName: 'mquery',
394 silly cache add   name: 'mquery',
394 silly cache add   rawSpec: '2.0.0',
394 silly cache add   spec: '2.0.0',
394 silly cache add   type: 'version' }
395 silly addNamed mquery@2.0.0
396 verbose addNamed "2.0.0" is a plain semver version for mquery
397 silly mapToRegistry name mquery
398 silly mapToRegistry using default registry
399 silly mapToRegistry registry https://registry.npmjs.org/
400 silly mapToRegistry data Result {
400 silly mapToRegistry   raw: 'mquery',
400 silly mapToRegistry   scope: null,
400 silly mapToRegistry   escapedName: 'mquery',
400 silly mapToRegistry   name: 'mquery',
400 silly mapToRegistry   rawSpec: '',
400 silly mapToRegistry   spec: 'latest',
400 silly mapToRegistry   type: 'tag' }
401 silly mapToRegistry uri https://registry.npmjs.org/mquery
402 verbose addNameVersion registry:https://registry.npmjs.org/mquery not in flight; fetching
403 verbose get https://registry.npmjs.org/mquery not expired, no request
404 silly cache afterAdd mquery@2.0.0
405 verbose afterAdd C:\Users\Vincent\AppData\Roaming\npm-cache\mquery\2.0.0\package\package.json not in flight; writing
406 verbose correctMkdir C:\Users\Vincent\AppData\Roaming\npm-cache correctMkdir not in flight; initializing
407 verbose afterAdd C:\Users\Vincent\AppData\Roaming\npm-cache\mquery\2.0.0\package\package.json written
408 http 304 https://registry.npmjs.org/muri
409 verbose headers { date: 'Mon, 26 Dec 2016 03:48:39 GMT',
409 verbose headers   via: '1.1 varnish',
409 verbose headers   'cache-control': 'max-age=300',
409 verbose headers   etag: 'W/"57e98fb4-2de2"',
409 verbose headers   age: '0',
409 verbose headers   connection: 'keep-alive',
409 verbose headers   'x-served-by': 'cache-itm7425-ITM',
409 verbose headers   'x-cache': 'HIT',
409 verbose headers   'x-cache-hits': '1',
409 verbose headers   'x-timer': 'S1482724119.961490,VS0,VE139',
409 verbose headers   vary: 'Accept-Encoding' }
410 silly get cb [ 304,
410 silly get   { date: 'Mon, 26 Dec 2016 03:48:39 GMT',
410 silly get     via: '1.1 varnish',
410 silly get     'cache-control': 'max-age=300',
410 silly get     etag: 'W/"57e98fb4-2de2"',
410 silly get     age: '0',
410 silly get     connection: 'keep-alive',
410 silly get     'x-served-by': 'cache-itm7425-ITM',
410 silly get     'x-cache': 'HIT',
410 silly get     'x-cache-hits': '1',
410 silly get     'x-timer': 'S1482724119.961490,VS0,VE139',
410 silly get     vary: 'Accept-Encoding' } ]
411 verbose etag https://registry.npmjs.org/muri from cache
412 verbose get saving muri to C:\Users\Vincent\AppData\Roaming\npm-cache\registry.npmjs.org\muri\.cache.json
413 verbose correctMkdir C:\Users\Vincent\AppData\Roaming\npm-cache correctMkdir not in flight; initializing
414 silly resolveWithNewModule muri@1.1.1 checking installable status
415 silly cache add args [ 'muri@1.1.1', null ]
416 verbose cache add spec muri@1.1.1
417 silly cache add parsed spec Result {
417 silly cache add   raw: 'muri@1.1.1',
417 silly cache add   scope: null,
417 silly cache add   escapedName: 'muri',
417 silly cache add   name: 'muri',
417 silly cache add   rawSpec: '1.1.1',
417 silly cache add   spec: '1.1.1',
417 silly cache add   type: 'version' }
418 silly addNamed muri@1.1.1
419 verbose addNamed "1.1.1" is a plain semver version for muri
420 silly mapToRegistry name muri
421 silly mapToRegistry using default registry
422 silly mapToRegistry registry https://registry.npmjs.org/
423 silly mapToRegistry data Result {
423 silly mapToRegistry   raw: 'muri',
423 silly mapToRegistry   scope: null,
423 silly mapToRegistry   escapedName: 'muri',
423 silly mapToRegistry   name: 'muri',
423 silly mapToRegistry   rawSpec: '',
423 silly mapToRegistry   spec: 'latest',
423 silly mapToRegistry   type: 'tag' }
424 silly mapToRegistry uri https://registry.npmjs.org/muri
425 verbose addNameVersion registry:https://registry.npmjs.org/muri not in flight; fetching
426 verbose get https://registry.npmjs.org/muri not expired, no request
427 silly cache afterAdd muri@1.1.1
428 verbose afterAdd C:\Users\Vincent\AppData\Roaming\npm-cache\muri\1.1.1\package\package.json not in flight; writing
429 verbose correctMkdir C:\Users\Vincent\AppData\Roaming\npm-cache correctMkdir not in flight; initializing
430 verbose afterAdd C:\Users\Vincent\AppData\Roaming\npm-cache\muri\1.1.1\package\package.json written
431 http 200 https://registry.npmjs.org/bson
432 verbose headers { server: 'nginx/1.10.1',
432 verbose headers   'content-type': 'application/json',
432 verbose headers   'last-modified': 'Wed, 07 Dec 2016 12:57:39 GMT',
432 verbose headers   etag: 'W/"58480743-19b52"',
432 verbose headers   'content-encoding': 'gzip',
432 verbose headers   'cache-control': 'max-age=300',
432 verbose headers   'content-length': '10172',
432 verbose headers   'accept-ranges': 'bytes',
432 verbose headers   date: 'Mon, 26 Dec 2016 03:48:37 GMT',
432 verbose headers   via: '1.1 varnish',
432 verbose headers   age: '170',
432 verbose headers   connection: 'keep-alive',
432 verbose headers   'x-served-by': 'cache-itm7423-ITM',
432 verbose headers   'x-cache': 'HIT',
432 verbose headers   'x-cache-hits': '2',
432 verbose headers   'x-timer': 'S1482724117.232290,VS0,VE0',
432 verbose headers   vary: 'Accept-Encoding' }
433 silly get cb [ 200,
433 silly get   { server: 'nginx/1.10.1',
433 silly get     'content-type': 'application/json',
433 silly get     'last-modified': 'Wed, 07 Dec 2016 12:57:39 GMT',
433 silly get     etag: 'W/"58480743-19b52"',
433 silly get     'content-encoding': 'gzip',
433 silly get     'cache-control': 'max-age=300',
433 silly get     'content-length': '10172',
433 silly get     'accept-ranges': 'bytes',
433 silly get     date: 'Mon, 26 Dec 2016 03:48:37 GMT',
433 silly get     via: '1.1 varnish',
433 silly get     age: '170',
433 silly get     connection: 'keep-alive',
433 silly get     'x-served-by': 'cache-itm7423-ITM',
433 silly get     'x-cache': 'HIT',
433 silly get     'x-cache-hits': '2',
433 silly get     'x-timer': 'S1482724117.232290,VS0,VE0',
433 silly get     vary: 'Accept-Encoding' } ]
434 verbose get saving bson to C:\Users\Vincent\AppData\Roaming\npm-cache\registry.npmjs.org\bson\.cache.json
435 verbose correctMkdir C:\Users\Vincent\AppData\Roaming\npm-cache correctMkdir not in flight; initializing
436 silly resolveWithNewModule bson@0.5.7 checking installable status
437 silly cache add args [ 'bson@~0.5.4', null ]
438 verbose cache add spec bson@~0.5.4
439 silly cache add parsed spec Result {
439 silly cache add   raw: 'bson@~0.5.4',
439 silly cache add   scope: null,
439 silly cache add   escapedName: 'bson',
439 silly cache add   name: 'bson',
439 silly cache add   rawSpec: '~0.5.4',
439 silly cache add   spec: '>=0.5.4 <0.6.0',
439 silly cache add   type: 'range' }
440 silly addNamed bson@>=0.5.4 <0.6.0
441 verbose addNamed ">=0.5.4 <0.6.0" is a valid semver range for bson
442 silly addNameRange { name: 'bson', range: '>=0.5.4 <0.6.0', hasData: false }
443 silly mapToRegistry name bson
444 silly mapToRegistry using default registry
445 silly mapToRegistry registry https://registry.npmjs.org/
446 silly mapToRegistry data Result {
446 silly mapToRegistry   raw: 'bson',
446 silly mapToRegistry   scope: null,
446 silly mapToRegistry   escapedName: 'bson',
446 silly mapToRegistry   name: 'bson',
446 silly mapToRegistry   rawSpec: '',
446 silly mapToRegistry   spec: 'latest',
446 silly mapToRegistry   type: 'tag' }
447 silly mapToRegistry uri https://registry.npmjs.org/bson
448 verbose addNameRange registry:https://registry.npmjs.org/bson not in flight; fetching
449 verbose get https://registry.npmjs.org/bson not expired, no request
450 silly addNameRange number 2 { name: 'bson', range: '>=0.5.4 <0.6.0', hasData: true }
451 silly addNameRange versions [ 'bson',
451 silly addNameRange   [ '0.0.1',
451 silly addNameRange     '0.0.2',
451 silly addNameRange     '0.0.3',
451 silly addNameRange     '0.0.4',
451 silly addNameRange     '0.0.5',
451 silly addNameRange     '0.0.6',
451 silly addNameRange     '0.0.7',
451 silly addNameRange     '0.0.8',
451 silly addNameRange     '0.0.9',
451 silly addNameRange     '0.1.0',
451 silly addNameRange     '0.1.1',
451 silly addNameRange     '0.1.3',
451 silly addNameRange     '0.1.4',
451 silly addNameRange     '0.1.5',
451 silly addNameRange     '0.1.6',
451 silly addNameRange     '0.1.7',
451 silly addNameRange     '0.1.8',
451 silly addNameRange     '0.1.9',
451 silly addNameRange     '0.2.0',
451 silly addNameRange     '0.2.1',
451 silly addNameRange     '0.2.2',
451 silly addNameRange     '0.2.3',
451 silly addNameRange     '0.2.4',
451 silly addNameRange     '0.2.5',
451 silly addNameRange     '0.2.6',
451 silly addNameRange     '0.2.7',
451 silly addNameRange     '0.2.8',
451 silly addNameRange     '0.2.9',
451 silly addNameRange     '0.2.10',
451 silly addNameRange     '0.2.11',
451 silly addNameRange     '0.2.12',
451 silly addNameRange     '0.2.13',
451 silly addNameRange     '0.2.14',
451 silly addNameRange     '0.2.15',
451 silly addNameRange     '0.2.16',
451 silly addNameRange     '0.2.17',
451 silly addNameRange     '0.2.18',
451 silly addNameRange     '0.2.19',
451 silly addNameRange     '0.2.20',
451 silly addNameRange     '0.2.21',
451 silly addNameRange     '0.3.0',
451 silly addNameRange     '0.3.1',
451 silly addNameRange     '0.3.2',
451 silly addNameRange     '0.4.0',
451 silly addNameRange     '0.4.1',
451 silly addNameRange     '0.4.2',
451 silly addNameRange     '0.4.3',
451 silly addNameRange     '0.4.4',
451 silly addNameRange     '0.4.5',
451 silly addNameRange     '0.4.6',
451 silly addNameRange     '0.4.7',
451 silly addNameRange     '0.4.8',
451 silly addNameRange     '0.2.22',
451 silly addNameRange     '0.4.10',
451 silly addNameRange     '0.4.12',
451 silly addNameRange     '0.4.13',
451 silly addNameRange     '0.4.14',
451 silly addNameRange     '0.4.15',
451 silly addNameRange     '0.4.16',
451 silly addNameRange     '0.4.17',
451 silly addNameRange     '0.4.18',
451 silly addNameRange     '0.4.19',
451 silly addNameRange     '0.4.20',
451 silly addNameRange     '0.4.21',
451 silly addNameRange     '0.4.22',
451 silly addNameRange     '0.4.23',
451 silly addNameRange     '0.5.0',
451 silly addNameRange     '0.5.1',
451 silly addNameRange     '0.5.2',
451 silly addNameRange     '0.5.3',
451 silly addNameRange     '0.5.4',
451 silly addNameRange     '0.5.5',
451 silly addNameRange     '0.5.6',
451 silly addNameRange     '0.5.7',
451 silly addNameRange     '1.0.0',
451 silly addNameRange     '1.0.1' ] ]
452 silly addNamed bson@0.5.7
453 verbose addNamed "0.5.7" is a plain semver version for bson
454 silly cache afterAdd bson@0.5.7
455 verbose afterAdd C:\Users\Vincent\AppData\Roaming\npm-cache\bson\0.5.7\package\package.json not in flight; writing
456 verbose correctMkdir C:\Users\Vincent\AppData\Roaming\npm-cache correctMkdir not in flight; initializing
457 verbose afterAdd C:\Users\Vincent\AppData\Roaming\npm-cache\bson\0.5.7\package\package.json written
458 silly fetchAndShaCheck shasum e32ba91cf9e29f371fb38ba0c4a71c3b1f5fae77
459 verbose addTmpTarball C:\Users\Vincent\AppData\Local\Temp\npm-10440-1595f5eb\registry.npmjs.org\mongodb\-\mongodb-2.2.16.tgz not in flight; adding
460 verbose addTmpTarball already have metadata; skipping unpack for mongodb@2.2.16
461 verbose correctMkdir C:\Users\Vincent\AppData\Roaming\npm-cache correctMkdir not in flight; initializing
462 silly cache afterAdd mongodb@2.2.16
463 verbose afterAdd C:\Users\Vincent\AppData\Roaming\npm-cache\mongodb\2.2.16\package\package.json not in flight; writing
464 verbose correctMkdir C:\Users\Vincent\AppData\Roaming\npm-cache correctMkdir not in flight; initializing
465 verbose afterAdd C:\Users\Vincent\AppData\Roaming\npm-cache\mongodb\2.2.16\package\package.json written
466 http 304 https://registry.npmjs.org/sliced
467 verbose headers { date: 'Mon, 26 Dec 2016 03:48:45 GMT',
467 verbose headers   via: '1.1 varnish',
467 verbose headers   'cache-control': 'max-age=300',
467 verbose headers   etag: 'W/"55a5a220-2561"',
467 verbose headers   age: '0',
467 verbose headers   connection: 'keep-alive',
467 verbose headers   'x-served-by': 'cache-itm7423-ITM',
467 verbose headers   'x-cache': 'HIT',
467 verbose headers   'x-cache-hits': '1',
467 verbose headers   'x-timer': 'S1482724125.947170,VS0,VE154',
467 verbose headers   vary: 'Accept-Encoding' }
468 silly get cb [ 304,
468 silly get   { date: 'Mon, 26 Dec 2016 03:48:45 GMT',
468 silly get     via: '1.1 varnish',
468 silly get     'cache-control': 'max-age=300',
468 silly get     etag: 'W/"55a5a220-2561"',
468 silly get     age: '0',
468 silly get     connection: 'keep-alive',
468 silly get     'x-served-by': 'cache-itm7423-ITM',
468 silly get     'x-cache': 'HIT',
468 silly get     'x-cache-hits': '1',
468 silly get     'x-timer': 'S1482724125.947170,VS0,VE154',
468 silly get     vary: 'Accept-Encoding' } ]
469 verbose etag https://registry.npmjs.org/sliced from cache
470 verbose get saving sliced to C:\Users\Vincent\AppData\Roaming\npm-cache\registry.npmjs.org\sliced\.cache.json
471 verbose correctMkdir C:\Users\Vincent\AppData\Roaming\npm-cache correctMkdir not in flight; initializing
472 silly resolveWithNewModule sliced@1.0.1 checking installable status
473 silly cache add args [ 'sliced@1.0.1', null ]
474 verbose cache add spec sliced@1.0.1
475 silly cache add parsed spec Result {
475 silly cache add   raw: 'sliced@1.0.1',
475 silly cache add   scope: null,
475 silly cache add   escapedName: 'sliced',
475 silly cache add   name: 'sliced',
475 silly cache add   rawSpec: '1.0.1',
475 silly cache add   spec: '1.0.1',
475 silly cache add   type: 'version' }
476 silly addNamed sliced@1.0.1
477 verbose addNamed "1.0.1" is a plain semver version for sliced
478 silly mapToRegistry name sliced
479 silly mapToRegistry using default registry
480 silly mapToRegistry registry https://registry.npmjs.org/
481 silly mapToRegistry data Result {
481 silly mapToRegistry   raw: 'sliced',
481 silly mapToRegistry   scope: null,
481 silly mapToRegistry   escapedName: 'sliced',
481 silly mapToRegistry   name: 'sliced',
481 silly mapToRegistry   rawSpec: '',
481 silly mapToRegistry   spec: 'latest',
481 silly mapToRegistry   type: 'tag' }
482 silly mapToRegistry uri https://registry.npmjs.org/sliced
483 verbose addNameVersion registry:https://registry.npmjs.org/sliced not in flight; fetching
484 verbose get https://registry.npmjs.org/sliced not expired, no request
485 silly cache afterAdd sliced@1.0.1
486 verbose afterAdd C:\Users\Vincent\AppData\Roaming\npm-cache\sliced\1.0.1\package\package.json not in flight; writing
487 verbose correctMkdir C:\Users\Vincent\AppData\Roaming\npm-cache correctMkdir not in flight; initializing
488 verbose afterAdd C:\Users\Vincent\AppData\Roaming\npm-cache\sliced\1.0.1\package\package.json written
489 silly fetchNamedPackageData es6-promise
490 silly mapToRegistry name es6-promise
491 silly mapToRegistry using default registry
492 silly mapToRegistry registry https://registry.npmjs.org/
493 silly mapToRegistry data Result {
493 silly mapToRegistry   raw: 'es6-promise',
493 silly mapToRegistry   scope: null,
493 silly mapToRegistry   escapedName: 'es6-promise',
493 silly mapToRegistry   name: 'es6-promise',
493 silly mapToRegistry   rawSpec: '',
493 silly mapToRegistry   spec: 'latest',
493 silly mapToRegistry   type: 'tag' }
494 silly mapToRegistry uri https://registry.npmjs.org/es6-promise
495 silly fetchNamedPackageData mongodb-core
496 silly mapToRegistry name mongodb-core
497 silly mapToRegistry using default registry
498 silly mapToRegistry registry https://registry.npmjs.org/
499 silly mapToRegistry data Result {
499 silly mapToRegistry   raw: 'mongodb-core',
499 silly mapToRegistry   scope: null,
499 silly mapToRegistry   escapedName: 'mongodb-core',
499 silly mapToRegistry   name: 'mongodb-core',
499 silly mapToRegistry   rawSpec: '',
499 silly mapToRegistry   spec: 'latest',
499 silly mapToRegistry   type: 'tag' }
500 silly mapToRegistry uri https://registry.npmjs.org/mongodb-core
501 silly fetchNamedPackageData readable-stream
502 silly mapToRegistry name readable-stream
503 silly mapToRegistry using default registry
504 silly mapToRegistry registry https://registry.npmjs.org/
505 silly mapToRegistry data Result {
505 silly mapToRegistry   raw: 'readable-stream',
505 silly mapToRegistry   scope: null,
505 silly mapToRegistry   escapedName: 'readable-stream',
505 silly mapToRegistry   name: 'readable-stream',
505 silly mapToRegistry   rawSpec: '',
505 silly mapToRegistry   spec: 'latest',
505 silly mapToRegistry   type: 'tag' }
506 silly mapToRegistry uri https://registry.npmjs.org/readable-stream
507 verbose request uri https://registry.npmjs.org/es6-promise
508 verbose request no auth needed
509 info attempt registry request try #1 at 11:48:48
510 verbose etag W/"58410fec-cede"
511 verbose lastModified Fri, 02 Dec 2016 06:08:44 GMT
512 http request GET https://registry.npmjs.org/es6-promise
513 verbose request uri https://registry.npmjs.org/mongodb-core
514 verbose request no auth needed
515 info attempt registry request try #1 at 11:48:48
516 verbose etag W/"583d5368-2bdeb"
517 verbose lastModified Tue, 29 Nov 2016 10:07:36 GMT
518 http request GET https://registry.npmjs.org/mongodb-core
519 verbose request uri https://registry.npmjs.org/readable-stream
520 verbose request no auth needed
521 info attempt registry request try #1 at 11:48:48
522 verbose etag W/"58343e6a-12397"
523 verbose lastModified Tue, 22 Nov 2016 12:47:38 GMT
524 http request GET https://registry.npmjs.org/readable-stream
525 http 304 https://registry.npmjs.org/es6-promise
526 verbose headers { date: 'Mon, 26 Dec 2016 03:48:46 GMT',
526 verbose headers   via: '1.1 varnish',
526 verbose headers   'cache-control': 'max-age=300',
526 verbose headers   etag: 'W/"58410fec-cede"',
526 verbose headers   age: '226',
526 verbose headers   connection: 'keep-alive',
526 verbose headers   'x-served-by': 'cache-itm7423-ITM',
526 verbose headers   'x-cache': 'HIT',
526 verbose headers   'x-cache-hits': '12',
526 verbose headers   'x-timer': 'S1482724126.691949,VS0,VE0',
526 verbose headers   vary: 'Accept-Encoding' }
527 silly get cb [ 304,
527 silly get   { date: 'Mon, 26 Dec 2016 03:48:46 GMT',
527 silly get     via: '1.1 varnish',
527 silly get     'cache-control': 'max-age=300',
527 silly get     etag: 'W/"58410fec-cede"',
527 silly get     age: '226',
527 silly get     connection: 'keep-alive',
527 silly get     'x-served-by': 'cache-itm7423-ITM',
527 silly get     'x-cache': 'HIT',
527 silly get     'x-cache-hits': '12',
527 silly get     'x-timer': 'S1482724126.691949,VS0,VE0',
527 silly get     vary: 'Accept-Encoding' } ]
528 verbose etag https://registry.npmjs.org/es6-promise from cache
529 verbose get saving es6-promise to C:\Users\Vincent\AppData\Roaming\npm-cache\registry.npmjs.org\es6-promise\.cache.json
530 verbose correctMkdir C:\Users\Vincent\AppData\Roaming\npm-cache correctMkdir not in flight; initializing
531 silly resolveWithNewModule es6-promise@3.2.1 checking installable status
532 silly cache add args [ 'es6-promise@3.2.1', null ]
533 verbose cache add spec es6-promise@3.2.1
534 silly cache add parsed spec Result {
534 silly cache add   raw: 'es6-promise@3.2.1',
534 silly cache add   scope: null,
534 silly cache add   escapedName: 'es6-promise',
534 silly cache add   name: 'es6-promise',
534 silly cache add   rawSpec: '3.2.1',
534 silly cache add   spec: '3.2.1',
534 silly cache add   type: 'version' }
535 silly addNamed es6-promise@3.2.1
536 verbose addNamed "3.2.1" is a plain semver version for es6-promise
537 silly mapToRegistry name es6-promise
538 silly mapToRegistry using default registry
539 silly mapToRegistry registry https://registry.npmjs.org/
540 silly mapToRegistry data Result {
540 silly mapToRegistry   raw: 'es6-promise',
540 silly mapToRegistry   scope: null,
540 silly mapToRegistry   escapedName: 'es6-promise',
540 silly mapToRegistry   name: 'es6-promise',
540 silly mapToRegistry   rawSpec: '',
540 silly mapToRegistry   spec: 'latest',
540 silly mapToRegistry   type: 'tag' }
541 silly mapToRegistry uri https://registry.npmjs.org/es6-promise
542 verbose addNameVersion registry:https://registry.npmjs.org/es6-promise not in flight; fetching
543 verbose get https://registry.npmjs.org/es6-promise not expired, no request
544 silly cache afterAdd es6-promise@3.2.1
545 verbose afterAdd C:\Users\Vincent\AppData\Roaming\npm-cache\es6-promise\3.2.1\package\package.json not in flight; writing
546 verbose correctMkdir C:\Users\Vincent\AppData\Roaming\npm-cache correctMkdir not in flight; initializing
547 verbose afterAdd C:\Users\Vincent\AppData\Roaming\npm-cache\es6-promise\3.2.1\package\package.json written
548 http 200 https://registry.npmjs.org/mongodb-core
549 verbose headers { server: 'nginx/1.10.1',
549 verbose headers   'content-type': 'application/json',
549 verbose headers   'last-modified': 'Sat, 10 Dec 2016 15:54:52 GMT',
549 verbose headers   etag: 'W/"584c254c-2d2f7"',
549 verbose headers   'content-encoding': 'gzip',
549 verbose headers   'cache-control': 'max-age=300',
549 verbose headers   'content-length': '16946',
549 verbose headers   'accept-ranges': 'bytes',
549 verbose headers   date: 'Mon, 26 Dec 2016 03:48:46 GMT',
549 verbose headers   via: '1.1 varnish',
549 verbose headers   age: '204',
549 verbose headers   connection: 'keep-alive',
549 verbose headers   'x-served-by': 'cache-itm7427-ITM',
549 verbose headers   'x-cache': 'HIT',
549 verbose headers   'x-cache-hits': '4',
549 verbose headers   'x-timer': 'S1482724126.696644,VS0,VE0',
549 verbose headers   vary: 'Accept-Encoding' }
550 silly get cb [ 200,
550 silly get   { server: 'nginx/1.10.1',
550 silly get     'content-type': 'application/json',
550 silly get     'last-modified': 'Sat, 10 Dec 2016 15:54:52 GMT',
550 silly get     etag: 'W/"584c254c-2d2f7"',
550 silly get     'content-encoding': 'gzip',
550 silly get     'cache-control': 'max-age=300',
550 silly get     'content-length': '16946',
550 silly get     'accept-ranges': 'bytes',
550 silly get     date: 'Mon, 26 Dec 2016 03:48:46 GMT',
550 silly get     via: '1.1 varnish',
550 silly get     age: '204',
550 silly get     connection: 'keep-alive',
550 silly get     'x-served-by': 'cache-itm7427-ITM',
550 silly get     'x-cache': 'HIT',
550 silly get     'x-cache-hits': '4',
550 silly get     'x-timer': 'S1482724126.696644,VS0,VE0',
550 silly get     vary: 'Accept-Encoding' } ]
551 verbose get saving mongodb-core to C:\Users\Vincent\AppData\Roaming\npm-cache\registry.npmjs.org\mongodb-core\.cache.json
552 verbose correctMkdir C:\Users\Vincent\AppData\Roaming\npm-cache correctMkdir not in flight; initializing
553 silly resolveWithNewModule mongodb-core@2.1.2 checking installable status
554 silly cache add args [ 'mongodb-core@2.1.2', null ]
555 verbose cache add spec mongodb-core@2.1.2
556 silly cache add parsed spec Result {
556 silly cache add   raw: 'mongodb-core@2.1.2',
556 silly cache add   scope: null,
556 silly cache add   escapedName: 'mongodb-core',
556 silly cache add   name: 'mongodb-core',
556 silly cache add   rawSpec: '2.1.2',
556 silly cache add   spec: '2.1.2',
556 silly cache add   type: 'version' }
557 silly addNamed mongodb-core@2.1.2
558 verbose addNamed "2.1.2" is a plain semver version for mongodb-core
559 silly mapToRegistry name mongodb-core
560 silly mapToRegistry using default registry
561 silly mapToRegistry registry https://registry.npmjs.org/
562 silly mapToRegistry data Result {
562 silly mapToRegistry   raw: 'mongodb-core',
562 silly mapToRegistry   scope: null,
562 silly mapToRegistry   escapedName: 'mongodb-core',
562 silly mapToRegistry   name: 'mongodb-core',
562 silly mapToRegistry   rawSpec: '',
562 silly mapToRegistry   spec: 'latest',
562 silly mapToRegistry   type: 'tag' }
563 silly mapToRegistry uri https://registry.npmjs.org/mongodb-core
564 verbose addNameVersion registry:https://registry.npmjs.org/mongodb-core not in flight; fetching
565 verbose get https://registry.npmjs.org/mongodb-core not expired, no request
566 silly mapToRegistry name mongodb-core
567 silly mapToRegistry using default registry
568 silly mapToRegistry registry https://registry.npmjs.org/
569 silly mapToRegistry data Result {
569 silly mapToRegistry   raw: 'mongodb-core',
569 silly mapToRegistry   scope: null,
569 silly mapToRegistry   escapedName: 'mongodb-core',
569 silly mapToRegistry   name: 'mongodb-core',
569 silly mapToRegistry   rawSpec: '',
569 silly mapToRegistry   spec: 'latest',
569 silly mapToRegistry   type: 'tag' }
570 silly mapToRegistry uri https://registry.npmjs.org/mongodb-core
571 verbose addRemoteTarball https://registry.npmjs.org/mongodb-core/-/mongodb-core-2.1.2.tgz not in flight; adding
572 verbose addRemoteTarball [ 'https://registry.npmjs.org/mongodb-core/-/mongodb-core-2.1.2.tgz',
572 verbose addRemoteTarball   'a11db773d34819cbeb97751241827137ab535aab' ]
573 info retry fetch attempt 1 at 11:48:49
574 info attempt registry request try #1 at 11:48:49
575 http fetch GET https://registry.npmjs.org/mongodb-core/-/mongodb-core-2.1.2.tgz
576 http fetch 200 https://registry.npmjs.org/mongodb-core/-/mongodb-core-2.1.2.tgz
577 http 304 https://registry.npmjs.org/readable-stream
578 verbose headers { date: 'Mon, 26 Dec 2016 03:48:46 GMT',
578 verbose headers   via: '1.1 varnish',
578 verbose headers   'cache-control': 'max-age=300',
578 verbose headers   etag: 'W/"58343e6a-12397"',
578 verbose headers   age: '15',
578 verbose headers   connection: 'keep-alive',
578 verbose headers   'x-served-by': 'cache-itm7420-ITM',
578 verbose headers   'x-cache': 'HIT',
578 verbose headers   'x-cache-hits': '2',
578 verbose headers   'x-timer': 'S1482724126.698654,VS0,VE0',
578 verbose headers   vary: 'Accept-Encoding' }
579 silly get cb [ 304,
579 silly get   { date: 'Mon, 26 Dec 2016 03:48:46 GMT',
579 silly get     via: '1.1 varnish',
579 silly get     'cache-control': 'max-age=300',
579 silly get     etag: 'W/"58343e6a-12397"',
579 silly get     age: '15',
579 silly get     connection: 'keep-alive',
579 silly get     'x-served-by': 'cache-itm7420-ITM',
579 silly get     'x-cache': 'HIT',
579 silly get     'x-cache-hits': '2',
579 silly get     'x-timer': 'S1482724126.698654,VS0,VE0',
579 silly get     vary: 'Accept-Encoding' } ]
580 verbose etag https://registry.npmjs.org/readable-stream from cache
581 verbose get saving readable-stream to C:\Users\Vincent\AppData\Roaming\npm-cache\registry.npmjs.org\readable-stream\.cache.json
582 verbose correctMkdir C:\Users\Vincent\AppData\Roaming\npm-cache correctMkdir not in flight; initializing
583 silly resolveWithNewModule readable-stream@2.1.5 checking installable status
584 silly cache add args [ 'readable-stream@2.1.5', null ]
585 verbose cache add spec readable-stream@2.1.5
586 silly cache add parsed spec Result {
586 silly cache add   raw: 'readable-stream@2.1.5',
586 silly cache add   scope: null,
586 silly cache add   escapedName: 'readable-stream',
586 silly cache add   name: 'readable-stream',
586 silly cache add   rawSpec: '2.1.5',
586 silly cache add   spec: '2.1.5',
586 silly cache add   type: 'version' }
587 silly addNamed readable-stream@2.1.5
588 verbose addNamed "2.1.5" is a plain semver version for readable-stream
589 silly mapToRegistry name readable-stream
590 silly mapToRegistry using default registry
591 silly mapToRegistry registry https://registry.npmjs.org/
592 silly mapToRegistry data Result {
592 silly mapToRegistry   raw: 'readable-stream',
592 silly mapToRegistry   scope: null,
592 silly mapToRegistry   escapedName: 'readable-stream',
592 silly mapToRegistry   name: 'readable-stream',
592 silly mapToRegistry   rawSpec: '',
592 silly mapToRegistry   spec: 'latest',
592 silly mapToRegistry   type: 'tag' }
593 silly mapToRegistry uri https://registry.npmjs.org/readable-stream
594 verbose addNameVersion registry:https://registry.npmjs.org/readable-stream not in flight; fetching
595 verbose get https://registry.npmjs.org/readable-stream not expired, no request
596 silly cache afterAdd readable-stream@2.1.5
597 verbose afterAdd C:\Users\Vincent\AppData\Roaming\npm-cache\readable-stream\2.1.5\package\package.json not in flight; writing
598 verbose correctMkdir C:\Users\Vincent\AppData\Roaming\npm-cache correctMkdir not in flight; initializing
599 verbose afterAdd C:\Users\Vincent\AppData\Roaming\npm-cache\readable-stream\2.1.5\package\package.json written
600 silly fetchAndShaCheck shasum a11db773d34819cbeb97751241827137ab535aab
601 verbose addTmpTarball C:\Users\Vincent\AppData\Local\Temp\npm-10440-1595f5eb\registry.npmjs.org\mongodb-core\-\mongodb-core-2.1.2.tgz not in flight; adding
602 verbose addTmpTarball already have metadata; skipping unpack for mongodb-core@2.1.2
603 verbose correctMkdir C:\Users\Vincent\AppData\Roaming\npm-cache correctMkdir not in flight; initializing
604 silly cache afterAdd mongodb-core@2.1.2
605 verbose afterAdd C:\Users\Vincent\AppData\Roaming\npm-cache\mongodb-core\2.1.2\package\package.json not in flight; writing
606 verbose correctMkdir C:\Users\Vincent\AppData\Roaming\npm-cache correctMkdir not in flight; initializing
607 verbose afterAdd C:\Users\Vincent\AppData\Roaming\npm-cache\mongodb-core\2.1.2\package\package.json written
608 silly fetchNamedPackageData bson
609 silly mapToRegistry name bson
610 silly mapToRegistry using default registry
611 silly mapToRegistry registry https://registry.npmjs.org/
612 silly mapToRegistry data Result {
612 silly mapToRegistry   raw: 'bson',
612 silly mapToRegistry   scope: null,
612 silly mapToRegistry   escapedName: 'bson',
612 silly mapToRegistry   name: 'bson',
612 silly mapToRegistry   rawSpec: '',
612 silly mapToRegistry   spec: 'latest',
612 silly mapToRegistry   type: 'tag' }
613 silly mapToRegistry uri https://registry.npmjs.org/bson
614 silly resolveWithNewModule bson@1.0.1 checking installable status
615 silly cache add args [ 'bson@~1.0.1', null ]
616 verbose cache add spec bson@~1.0.1
617 silly fetchNamedPackageData require_optional
618 silly mapToRegistry name require_optional
619 silly mapToRegistry using default registry
620 silly mapToRegistry registry https://registry.npmjs.org/
621 silly mapToRegistry data Result {
621 silly mapToRegistry   raw: 'require_optional',
621 silly mapToRegistry   scope: null,
621 silly mapToRegistry   escapedName: 'require_optional',
621 silly mapToRegistry   name: 'require_optional',
621 silly mapToRegistry   rawSpec: '',
621 silly mapToRegistry   spec: 'latest',
621 silly mapToRegistry   type: 'tag' }
622 silly mapToRegistry uri https://registry.npmjs.org/require_optional
623 silly cache add parsed spec Result {
623 silly cache add   raw: 'bson@~1.0.1',
623 silly cache add   scope: null,
623 silly cache add   escapedName: 'bson',
623 silly cache add   name: 'bson',
623 silly cache add   rawSpec: '~1.0.1',
623 silly cache add   spec: '>=1.0.1 <1.1.0',
623 silly cache add   type: 'range' }
624 silly addNamed bson@>=1.0.1 <1.1.0
625 verbose addNamed ">=1.0.1 <1.1.0" is a valid semver range for bson
626 silly addNameRange { name: 'bson', range: '>=1.0.1 <1.1.0', hasData: false }
627 silly mapToRegistry name bson
628 silly mapToRegistry using default registry
629 silly mapToRegistry registry https://registry.npmjs.org/
630 silly mapToRegistry data Result {
630 silly mapToRegistry   raw: 'bson',
630 silly mapToRegistry   scope: null,
630 silly mapToRegistry   escapedName: 'bson',
630 silly mapToRegistry   name: 'bson',
630 silly mapToRegistry   rawSpec: '',
630 silly mapToRegistry   spec: 'latest',
630 silly mapToRegistry   type: 'tag' }
631 silly mapToRegistry uri https://registry.npmjs.org/bson
632 verbose addNameRange registry:https://registry.npmjs.org/bson not in flight; fetching
633 verbose request uri https://registry.npmjs.org/bson
634 verbose request no auth needed
635 info attempt registry request try #1 at 11:49:12
636 verbose etag W/"58480743-19b52"
637 verbose lastModified Wed, 07 Dec 2016 12:57:39 GMT
638 http request GET https://registry.npmjs.org/bson
639 verbose request uri https://registry.npmjs.org/require_optional
640 verbose request no auth needed
641 info attempt registry request try #1 at 11:49:12
642 verbose etag W/"56b1f801-9b2"
643 verbose lastModified Wed, 03 Feb 2016 12:52:17 GMT
644 http request GET https://registry.npmjs.org/require_optional
645 http 304 https://registry.npmjs.org/bson
646 verbose headers { date: 'Mon, 26 Dec 2016 03:49:10 GMT',
646 verbose headers   via: '1.1 varnish',
646 verbose headers   'cache-control': 'max-age=300',
646 verbose headers   etag: 'W/"58480743-19b52"',
646 verbose headers   age: '203',
646 verbose headers   connection: 'keep-alive',
646 verbose headers   'x-served-by': 'cache-itm7426-ITM',
646 verbose headers   'x-cache': 'HIT',
646 verbose headers   'x-cache-hits': '3',
646 verbose headers   'x-timer': 'S1482724150.622974,VS0,VE0',
646 verbose headers   vary: 'Accept-Encoding' }
647 silly get cb [ 304,
647 silly get   { date: 'Mon, 26 Dec 2016 03:49:10 GMT',
647 silly get     via: '1.1 varnish',
647 silly get     'cache-control': 'max-age=300',
647 silly get     etag: 'W/"58480743-19b52"',
647 silly get     age: '203',
647 silly get     connection: 'keep-alive',
647 silly get     'x-served-by': 'cache-itm7426-ITM',
647 silly get     'x-cache': 'HIT',
647 silly get     'x-cache-hits': '3',
647 silly get     'x-timer': 'S1482724150.622974,VS0,VE0',
647 silly get     vary: 'Accept-Encoding' } ]
648 verbose etag https://registry.npmjs.org/bson from cache
649 verbose get saving bson to C:\Users\Vincent\AppData\Roaming\npm-cache\registry.npmjs.org\bson\.cache.json
650 verbose correctMkdir C:\Users\Vincent\AppData\Roaming\npm-cache correctMkdir not in flight; initializing
651 silly addNameRange number 2 { name: 'bson', range: '>=1.0.1 <1.1.0', hasData: true }
652 silly addNameRange versions [ 'bson',
652 silly addNameRange   [ '0.0.1',
652 silly addNameRange     '0.0.2',
652 silly addNameRange     '0.0.3',
652 silly addNameRange     '0.0.4',
652 silly addNameRange     '0.0.5',
652 silly addNameRange     '0.0.6',
652 silly addNameRange     '0.0.7',
652 silly addNameRange     '0.0.8',
652 silly addNameRange     '0.0.9',
652 silly addNameRange     '0.1.0',
652 silly addNameRange     '0.1.1',
652 silly addNameRange     '0.1.3',
652 silly addNameRange     '0.1.4',
652 silly addNameRange     '0.1.5',
652 silly addNameRange     '0.1.6',
652 silly addNameRange     '0.1.7',
652 silly addNameRange     '0.1.8',
652 silly addNameRange     '0.1.9',
652 silly addNameRange     '0.2.0',
652 silly addNameRange     '0.2.1',
652 silly addNameRange     '0.2.2',
652 silly addNameRange     '0.2.3',
652 silly addNameRange     '0.2.4',
652 silly addNameRange     '0.2.5',
652 silly addNameRange     '0.2.6',
652 silly addNameRange     '0.2.7',
652 silly addNameRange     '0.2.8',
652 silly addNameRange     '0.2.9',
652 silly addNameRange     '0.2.10',
652 silly addNameRange     '0.2.11',
652 silly addNameRange     '0.2.12',
652 silly addNameRange     '0.2.13',
652 silly addNameRange     '0.2.14',
652 silly addNameRange     '0.2.15',
652 silly addNameRange     '0.2.16',
652 silly addNameRange     '0.2.17',
652 silly addNameRange     '0.2.18',
652 silly addNameRange     '0.2.19',
652 silly addNameRange     '0.2.20',
652 silly addNameRange     '0.2.21',
652 silly addNameRange     '0.3.0',
652 silly addNameRange     '0.3.1',
652 silly addNameRange     '0.3.2',
652 silly addNameRange     '0.4.0',
652 silly addNameRange     '0.4.1',
652 silly addNameRange     '0.4.2',
652 silly addNameRange     '0.4.3',
652 silly addNameRange     '0.4.4',
652 silly addNameRange     '0.4.5',
652 silly addNameRange     '0.4.6',
652 silly addNameRange     '0.4.7',
652 silly addNameRange     '0.4.8',
652 silly addNameRange     '0.2.22',
652 silly addNameRange     '0.4.10',
652 silly addNameRange     '0.4.12',
652 silly addNameRange     '0.4.13',
652 silly addNameRange     '0.4.14',
652 silly addNameRange     '0.4.15',
652 silly addNameRange     '0.4.16',
652 silly addNameRange     '0.4.17',
652 silly addNameRange     '0.4.18',
652 silly addNameRange     '0.4.19',
652 silly addNameRange     '0.4.20',
652 silly addNameRange     '0.4.21',
652 silly addNameRange     '0.4.22',
652 silly addNameRange     '0.4.23',
652 silly addNameRange     '0.5.0',
652 silly addNameRange     '0.5.1',
652 silly addNameRange     '0.5.2',
652 silly addNameRange     '0.5.3',
652 silly addNameRange     '0.5.4',
652 silly addNameRange     '0.5.5',
652 silly addNameRange     '0.5.6',
652 silly addNameRange     '0.5.7',
652 silly addNameRange     '1.0.0',
652 silly addNameRange     '1.0.1' ] ]
653 silly addNamed bson@1.0.1
654 verbose addNamed "1.0.1" is a plain semver version for bson
655 silly mapToRegistry name bson
656 silly mapToRegistry using default registry
657 silly mapToRegistry registry https://registry.npmjs.org/
658 silly mapToRegistry data Result {
658 silly mapToRegistry   raw: 'bson',
658 silly mapToRegistry   scope: null,
658 silly mapToRegistry   escapedName: 'bson',
658 silly mapToRegistry   name: 'bson',
658 silly mapToRegistry   rawSpec: '',
658 silly mapToRegistry   spec: 'latest',
658 silly mapToRegistry   type: 'tag' }
659 silly mapToRegistry uri https://registry.npmjs.org/bson
660 verbose addRemoteTarball https://registry.npmjs.org/bson/-/bson-1.0.1.tgz not in flight; adding
661 verbose addRemoteTarball [ 'https://registry.npmjs.org/bson/-/bson-1.0.1.tgz',
661 verbose addRemoteTarball   '3a5addb0f2ff88bc3436e708e4bdb8637602d72d' ]
662 info retry fetch attempt 1 at 11:49:12
663 info attempt registry request try #1 at 11:49:12
664 http fetch GET https://registry.npmjs.org/bson/-/bson-1.0.1.tgz
665 http 304 https://registry.npmjs.org/require_optional
666 verbose headers { date: 'Mon, 26 Dec 2016 03:49:10 GMT',
666 verbose headers   via: '1.1 varnish',
666 verbose headers   'cache-control': 'max-age=300',
666 verbose headers   etag: 'W/"56b1f801-9b2"',
666 verbose headers   age: '227',
666 verbose headers   connection: 'keep-alive',
666 verbose headers   'x-served-by': 'cache-itm7421-ITM',
666 verbose headers   'x-cache': 'HIT',
666 verbose headers   'x-cache-hits': '3',
666 verbose headers   'x-timer': 'S1482724150.631794,VS0,VE0',
666 verbose headers   vary: 'Accept-Encoding' }
667 silly get cb [ 304,
667 silly get   { date: 'Mon, 26 Dec 2016 03:49:10 GMT',
667 silly get     via: '1.1 varnish',
667 silly get     'cache-control': 'max-age=300',
667 silly get     etag: 'W/"56b1f801-9b2"',
667 silly get     age: '227',
667 silly get     connection: 'keep-alive',
667 silly get     'x-served-by': 'cache-itm7421-ITM',
667 silly get     'x-cache': 'HIT',
667 silly get     'x-cache-hits': '3',
667 silly get     'x-timer': 'S1482724150.631794,VS0,VE0',
667 silly get     vary: 'Accept-Encoding' } ]
668 verbose etag https://registry.npmjs.org/require_optional from cache
669 verbose get saving require_optional to C:\Users\Vincent\AppData\Roaming\npm-cache\registry.npmjs.org\require_optional\.cache.json
670 verbose correctMkdir C:\Users\Vincent\AppData\Roaming\npm-cache correctMkdir not in flight; initializing
671 silly resolveWithNewModule require_optional@1.0.0 checking installable status
672 silly cache add args [ 'require_optional@~1.0.0', null ]
673 verbose cache add spec require_optional@~1.0.0
674 silly cache add parsed spec Result {
674 silly cache add   raw: 'require_optional@~1.0.0',
674 silly cache add   scope: null,
674 silly cache add   escapedName: 'require_optional',
674 silly cache add   name: 'require_optional',
674 silly cache add   rawSpec: '~1.0.0',
674 silly cache add   spec: '>=1.0.0 <1.1.0',
674 silly cache add   type: 'range' }
675 silly addNamed require_optional@>=1.0.0 <1.1.0
676 verbose addNamed ">=1.0.0 <1.1.0" is a valid semver range for require_optional
677 silly addNameRange { name: 'require_optional',
677 silly addNameRange   range: '>=1.0.0 <1.1.0',
677 silly addNameRange   hasData: false }
678 silly mapToRegistry name require_optional
679 silly mapToRegistry using default registry
680 silly mapToRegistry registry https://registry.npmjs.org/
681 silly mapToRegistry data Result {
681 silly mapToRegistry   raw: 'require_optional',
681 silly mapToRegistry   scope: null,
681 silly mapToRegistry   escapedName: 'require_optional',
681 silly mapToRegistry   name: 'require_optional',
681 silly mapToRegistry   rawSpec: '',
681 silly mapToRegistry   spec: 'latest',
681 silly mapToRegistry   type: 'tag' }
682 silly mapToRegistry uri https://registry.npmjs.org/require_optional
683 verbose addNameRange registry:https://registry.npmjs.org/require_optional not in flight; fetching
684 verbose get https://registry.npmjs.org/require_optional not expired, no request
685 silly addNameRange number 2 { name: 'require_optional',
685 silly addNameRange   range: '>=1.0.0 <1.1.0',
685 silly addNameRange   hasData: true }
686 silly addNameRange versions [ 'require_optional', [ '1.0.0' ] ]
687 silly addNamed require_optional@1.0.0
688 verbose addNamed "1.0.0" is a plain semver version for require_optional
689 silly cache afterAdd require_optional@1.0.0
690 verbose afterAdd C:\Users\Vincent\AppData\Roaming\npm-cache\require_optional\1.0.0\package\package.json not in flight; writing
691 verbose correctMkdir C:\Users\Vincent\AppData\Roaming\npm-cache correctMkdir not in flight; initializing
692 verbose afterAdd C:\Users\Vincent\AppData\Roaming\npm-cache\require_optional\1.0.0\package\package.json written
693 http fetch 200 https://registry.npmjs.org/bson/-/bson-1.0.1.tgz
694 info retry will retry, error on last attempt: Error: read ECONNRESET
695 silly fetchAndShaCheck shasum 3a5addb0f2ff88bc3436e708e4bdb8637602d72d
696 silly rollbackFailedOptional Starting
697 silly rollbackFailedOptional Finishing
698 silly runTopLevelLifecycles Finishing
699 silly install printInstalled
700 verbose stack Error: shasum check failed for C:\Users\Vincent\AppData\Local\Temp\npm-10440-1595f5eb\registry.npmjs.org\bson\-\bson-1.0.1.tgz
700 verbose stack Expected: 3a5addb0f2ff88bc3436e708e4bdb8637602d72d
700 verbose stack Actual:   a3ebc1216b8b476f29f3b4b06bd72cd9ea4a11ca
700 verbose stack From:     https://registry.npmjs.org/bson/-/bson-1.0.1.tgz
700 verbose stack     at C:\Program Files\nodejs\node_modules\npm\node_modules\sha\index.js:25:8
700 verbose stack     at ReadStream.<anonymous> (C:\Program Files\nodejs\node_modules\npm\node_modules\sha\index.js:72:7)
700 verbose stack     at emitNone (events.js:91:20)
700 verbose stack     at ReadStream.emit (events.js:185:7)
700 verbose stack     at endReadableNT (_stream_readable.js:974:12)
700 verbose stack     at _combinedTickCallback (internal/process/next_tick.js:74:11)
700 verbose stack     at process._tickCallback (internal/process/next_tick.js:98:9)
701 verbose cwd C:\Users\Vincent\Documents\Bibalou\bibalou-back\todo-api
702 error Windows_NT 10.0.14393
703 error argv "C:\\Program Files\\nodejs\\node.exe" "C:\\Program Files\\nodejs\\node_modules\\npm\\bin\\npm-cli.js" "install" "mongoose" "--save"
704 error node v6.9.1
705 error npm  v3.10.8
706 error shasum check failed for C:\Users\Vincent\AppData\Local\Temp\npm-10440-1595f5eb\registry.npmjs.org\bson\-\bson-1.0.1.tgz
706 error Expected: 3a5addb0f2ff88bc3436e708e4bdb8637602d72d
706 error Actual:   a3ebc1216b8b476f29f3b4b06bd72cd9ea4a11ca
706 error From:     https://registry.npmjs.org/bson/-/bson-1.0.1.tgz
707 error If you need help, you may report this error at:
707 error     <https://github.com/npm/npm/issues>
708 verbose exit [ 1, true ]
